nohup: ignoring input
2025/08/28 23:09:42 INFO 🚀 Starting TOQ Server initialization version=2.0.0
LOG.LEVEL setted to WARN
{"time":"2025-08-28T23:09:42.582423906Z","level":"WARN","msg":"credential path not found in candidates","kind":"admin","candidates":["/codigos/go_code/toq_server/bin/configs/gcs_admin.json","/codigos/go_code/toq_server/configs/gcs_admin.json","/codigos/go_code/configs/gcs_admin.json","/codigos/configs/gcs_admin.json"],"resolved":"/codigos/go_code/toq_server/bin/configs/gcs_admin.json"}
{"time":"2025-08-28T23:09:42.582495507Z","level":"WARN","msg":"credential path not found in candidates","kind":"writer","candidates":["/codigos/go_code/toq_server/bin/configs/gcs_writer.json","/codigos/go_code/toq_server/configs/gcs_writer.json","/codigos/go_code/configs/gcs_writer.json","/codigos/configs/gcs_writer.json"],"resolved":"/codigos/go_code/toq_server/bin/configs/gcs_writer.json"}
{"time":"2025-08-28T23:09:42.582526918Z","level":"WARN","msg":"credential path not found in candidates","kind":"reader","candidates":["/codigos/go_code/toq_server/bin/configs/gcs_reader.json","/codigos/go_code/toq_server/configs/gcs_reader.json","/codigos/go_code/configs/gcs_reader.json","/codigos/configs/gcs_reader.json"],"resolved":"/codigos/go_code/toq_server/bin/configs/gcs_reader.json"}
LOG.LEVEL setted to INFO
{"time":"2025-08-28T23:09:42.582568328Z","level":"INFO","msg":"✅ Logging system initialized (env > yaml > defaults)"}
{"time":"2025-08-28T23:09:42.582577619Z","level":"INFO","msg":"🔧 TOQ API Server starting","version":"2.0.0"}
{"time":"2025-08-28T23:09:42.585992547Z","level":"INFO","msg":"Database answered the ping. MySql connection successfuly!"}
{"time":"2025-08-28T23:09:42.594991076Z","level":"INFO","msg":"✅ Database connection established"}
{"time":"2025-08-28T23:09:42.595311661Z","level":"INFO","msg":"✅ OpenTelemetry initialized (tracing + metrics)"}
{"time":"2025-08-28T23:09:42.59734028Z","level":"INFO","msg":"Activity tracker initialized successfully"}
{"time":"2025-08-28T23:09:42.59738365Z","level":"INFO","msg":"✅ Activity tracking system initialized"}
{"time":"2025-08-28T23:09:42.597404981Z","level":"INFO","msg":"Initializing HTTP/Gin server"}
{"time":"2025-08-28T23:09:42.597483942Z","level":"INFO","msg":"HTTP/Gin server initialized successfully","port":":8080","tls":false}
{"time":"2025-08-28T23:09:42.597498542Z","level":"INFO","msg":"✅ HTTP server configured with TLS and middleware"}
{"time":"2025-08-28T23:09:42.597515312Z","level":"INFO","msg":"Starting dependency injection using Factory Pattern"}
{"time":"2025-08-28T23:09:42.597531732Z","level":"INFO","msg":"Creating storage adapters"}
{"time":"2025-08-28T23:09:42.597555233Z","level":"INFO","msg":"Creating storage adapters"}
{"time":"2025-08-28T23:09:42.599076204Z","level":"INFO","msg":"Redis cache connected successfully","url":"redis://localhost:6379/0"}
{"time":"2025-08-28T23:09:42.599163066Z","level":"INFO","msg":"Successfully created all storage adapters"}
{"time":"2025-08-28T23:09:42.599171556Z","level":"INFO","msg":"Creating repository adapters"}
{"time":"2025-08-28T23:09:42.599275107Z","level":"INFO","msg":"Creating repository adapters"}
{"time":"2025-08-28T23:09:42.599308238Z","level":"INFO","msg":"Successfully created all repository adapters"}
{"time":"2025-08-28T23:09:42.599315068Z","level":"INFO","msg":"Creating validation adapters"}
{"time":"2025-08-28T23:09:42.599320848Z","level":"INFO","msg":"Creating validation adapters"}
{"time":"2025-08-28T23:09:42.599337748Z","level":"INFO","msg":"Successfully created all validation adapters"}
{"time":"2025-08-28T23:09:42.599344268Z","level":"INFO","msg":"Creating external service adapters"}
{"time":"2025-08-28T23:09:42.599349558Z","level":"INFO","msg":"Creating external service adapters"}
{"time":"2025-08-28T23:09:42.600284572Z","level":"INFO","msg":"Creating S3 adapter","region":"us-east-1","bucket":"toq-app-media"}
{"time":"2025-08-28T23:09:42.600796559Z","level":"INFO","msg":"S3 adapter created successfully","bucket":"toq-app-media","region":"us-east-1"}
{"time":"2025-08-28T23:09:42.600926831Z","level":"INFO","msg":"Successfully created all external service adapters"}
{"time":"2025-08-28T23:09:42.601040893Z","level":"INFO","msg":"Initializing services"}
{"time":"2025-08-28T23:09:42.601230915Z","level":"INFO","msg":"All services initialized successfully"}
{"time":"2025-08-28T23:09:42.601263166Z","level":"INFO","msg":"Dependency injection completed successfully using Factory Pattern"}
{"time":"2025-08-28T23:09:42.601274776Z","level":"INFO","msg":"✅ Dependency injection completed via Factory Pattern"}
{"time":"2025-08-28T23:09:42.601283166Z","level":"INFO","msg":"Creating HTTP handlers"}
{"time":"2025-08-28T23:09:42.601290696Z","level":"INFO","msg":"Successfully created all HTTP handlers"}
{"time":"2025-08-28T23:09:42.601299116Z","level":"INFO","msg":"✅ HTTP handlers and routes configured"}
{"time":"2025-08-28T23:09:42.601308017Z","level":"INFO","msg":"✅ Activity tracker linked with user service"}
{"time":"2025-08-28T23:09:42.603119503Z","level":"INFO","msg":"✅ Database schema verified"}
{"time":"2025-08-28T23:09:42.603158503Z","level":"INFO","msg":"✅ Background workers initialized"}
{"time":"2025-08-28T23:09:42.603169923Z","level":"INFO","msg":"🌟 TOQ Server ready to serve","version":"2.0.0"}
{"time":"2025-08-28T23:09:42.603201974Z","level":"INFO","msg":"🚀 Starting HTTP server"}
{"time":"2025-08-28T23:09:42.603224164Z","level":"INFO","msg":"Activity batch worker started","interval":30000000000}
{"time":"2025-08-28T23:09:42.603287255Z","level":"INFO","msg":"session cleaner routine started"}
{"time":"2025-08-28T23:09:47.596990232Z","level":"INFO","msg":"traces export: parse \"http://http:%2F%2Flocalhost:4317/v1/traces\": invalid URL escape \"%2F\""}
{"time":"2025-08-28T23:09:55.990993896Z","level":"ERROR","msg":"Request ID not found in context","package":"config.(*config).InitializeHTTP.TelemetryMiddleware","function":"func1"}
{"time":"2025-08-28T23:09:55.991044926Z","level":"WARN","msg":"Failed to generate tracer","error":"HTTP 401: Unauthorized","path":"/healthz"}
[GIN] 2025/08/28 - 23:09:55 | 200 |     154.552µs |             ::1 | GET      "/healthz"
{"time":"2025-08-28T23:12:11.332891579Z","level":"ERROR","msg":"Request ID not found in context","package":"config.(*config).InitializeHTTP.TelemetryMiddleware","function":"func1"}
{"time":"2025-08-28T23:12:11.33295116Z","level":"WARN","msg":"Failed to generate tracer","error":"HTTP 401: Unauthorized","path":"/healthz"}
[GIN] 2025/08/28 - 23:12:11 | 200 |     127.752µs |  179.110.194.42 | GET      "/healthz"
