{"time":"2025-09-23T09:15:38.004635319Z","level":"INFO","msg":"🚀 Iniciando TOQ Server Bootstrap","version":"2.0.0","component":"bootstrap","log_level":"info","log_format":"json","log_output":"file"}
{"time":"2025-09-23T09:15:38.004707842Z","level":"INFO","msg":"▶️ Executando fase","phase":"Phase01_InitializeContext","component":"bootstrap","timestamp":"2025-09-23T09:15:38Z"}
{"time":"2025-09-23T09:15:38.004765264Z","level":"INFO","msg":"🎯 FASE 1: Inicialização de Contexto e Sinais"}
{"time":"2025-09-23T09:15:38.004959301Z","level":"INFO","msg":"✅ Contexto e sinais inicializados com sucesso"}
{"time":"2025-09-23T09:15:38.004976362Z","level":"INFO","msg":"✅ Fase concluída","phase":"Phase01_InitializeContext","component":"bootstrap","duration":"268.351µs"}
{"time":"2025-09-23T09:15:38.004983952Z","level":"INFO","msg":"▶️ Executando fase","phase":"Phase02_LoadConfiguration","component":"bootstrap","timestamp":"2025-09-23T09:15:38Z"}
{"time":"2025-09-23T09:15:38.005009283Z","level":"INFO","msg":"🎯 FASE 2: Carregamento e Validação de Configuração"}
{"time":"2025-09-23T09:15:38.005706219Z","level":"INFO","msg":"Configuration loaded successfully from YAML","path":"configs/env.yaml"}
{"time":"2025-09-23T09:15:38.005747251Z","level":"INFO","msg":"🔐 JWT and token TTL configuration applied"}
{"time":"2025-09-23T09:15:38.005754531Z","level":"INFO","msg":"✅ Configuração carregada e validada com sucesso","version":"2.0.0"}
{"time":"2025-09-23T09:15:38.005763272Z","level":"INFO","msg":"✅ Fase concluída","phase":"Phase02_LoadConfiguration","component":"bootstrap","duration":"779.229µs"}
{"time":"2025-09-23T09:15:38.005769462Z","level":"INFO","msg":"▶️ Executando fase","phase":"Phase03_InitializeInfrastructure","component":"bootstrap","timestamp":"2025-09-23T09:15:38Z"}
{"time":"2025-09-23T09:15:38.005782372Z","level":"INFO","msg":"🎯 FASE 3: Inicialização da Infraestrutura Core"}
{"time":"2025-09-23T09:15:38.007746237Z","level":"INFO","msg":"Database connection initialized","uri":"toq_user:toq_password@tcp(localhost:3306)/toq_db?parseTime=true&loc=UTC&timeout=30s&readTimeout=30s&writeTimeout=30s"}
{"time":"2025-09-23T09:15:38.007765217Z","level":"INFO","msg":"✅ Conexão com banco de dados estabelecida"}
{"time":"2025-09-23T09:15:38.009318966Z","level":"INFO","msg":"Redis cache connected successfully","url":"redis://localhost:6379/0"}
{"time":"2025-09-23T09:15:38.009348967Z","level":"INFO","msg":"✅ Sistema de cache Redis inicializado com sucesso"}
{"time":"2025-09-23T09:15:38.009568636Z","level":"INFO","msg":"OpenTelemetry tracing initialized","endpoint":"localhost:4318"}
{"time":"2025-09-23T09:15:38.009742352Z","level":"INFO","msg":"OpenTelemetry metrics initialized","endpoint":"localhost:4318"}
{"time":"2025-09-23T09:15:38.009753523Z","level":"INFO","msg":"OpenTelemetry initialized successfully","tracing_enabled":true,"metrics_enabled":true,"endpoint":"localhost:4318"}
{"time":"2025-09-23T09:15:38.009766553Z","level":"INFO","msg":"OpenTelemetry initialized successfully"}
{"time":"2025-09-23T09:15:38.009772894Z","level":"INFO","msg":"✅ OpenTelemetry inicializado (tracing + metrics)"}
{"time":"2025-09-23T09:15:38.009785924Z","level":"INFO","msg":"Creating metrics adapter"}
{"time":"2025-09-23T09:15:38.009899418Z","level":"INFO","msg":"✅ Adapter de métricas Prometheus inicializado"}
{"time":"2025-09-23T09:15:38.009909629Z","level":"INFO","msg":"✅ Infraestrutura core inicializada com sucesso"}
{"time":"2025-09-23T09:15:38.00993323Z","level":"INFO","msg":"✅ Fase concluída","phase":"Phase03_InitializeInfrastructure","component":"bootstrap","duration":"4.161217ms"}
{"time":"2025-09-23T09:15:38.00994527Z","level":"INFO","msg":"▶️ Executando fase","phase":"Phase04_InjectDependencies","component":"bootstrap","timestamp":"2025-09-23T09:15:38Z"}
{"time":"2025-09-23T09:15:38.009976621Z","level":"INFO","msg":"🎯 FASE 4: Injeção de Dependências via Factory Pattern"}
{"time":"2025-09-23T09:15:38.009994062Z","level":"INFO","msg":"Starting dependency injection using Factory Pattern"}
{"time":"2025-09-23T09:15:38.010001382Z","level":"INFO","msg":"Creating storage adapters"}
{"time":"2025-09-23T09:15:38.011904995Z","level":"INFO","msg":"Redis cache connected successfully","url":"redis://localhost:6379/0"}
{"time":"2025-09-23T09:15:38.011929585Z","level":"INFO","msg":"Successfully created all storage adapters"}
{"time":"2025-09-23T09:15:38.011935896Z","level":"INFO","msg":"✅ ActivityTracker criado com sucesso com Redis client"}
{"time":"2025-09-23T09:15:38.011941366Z","level":"INFO","msg":"Creating repository adapters"}
{"time":"2025-09-23T09:15:38.011947236Z","level":"INFO","msg":"Successfully created all repository adapters"}
{"time":"2025-09-23T09:15:38.011952316Z","level":"INFO","msg":"Assigning repository adapters"}
{"time":"2025-09-23T09:15:38.011957677Z","level":"INFO","msg":"Repository adapters assigned successfully"}
{"time":"2025-09-23T09:15:38.011962137Z","level":"INFO","msg":"Creating validation adapters"}
{"time":"2025-09-23T09:15:38.011968667Z","level":"INFO","msg":"Successfully created all validation adapters"}
{"time":"2025-09-23T09:15:38.011974057Z","level":"INFO","msg":"Creating external service adapters"}
{"time":"2025-09-23T09:15:38.011978357Z","level":"INFO","msg":"Creating external service adapters"}
{"time":"2025-09-23T09:15:38.012622442Z","level":"INFO","msg":"Creating S3 adapter","region":"us-east-1","bucket":"toq-app-media"}
{"time":"2025-09-23T09:15:38.012875201Z","level":"INFO","msg":"S3 adapter created successfully","bucket":"toq-app-media","region":"us-east-1"}
{"time":"2025-09-23T09:15:38.012884892Z","level":"INFO","msg":"Successfully created all external service adapters"}
{"time":"2025-09-23T09:15:38.012890402Z","level":"INFO","msg":"Initializing all services"}
{"time":"2025-09-23T09:15:38.012898122Z","level":"INFO","msg":"All services initialized successfully"}
{"time":"2025-09-23T09:15:38.012903632Z","level":"INFO","msg":"✅ TempBlockCleanerWorker initialized"}
{"time":"2025-09-23T09:15:38.012909203Z","level":"INFO","msg":"Dependency injection completed successfully using Factory Pattern"}
{"time":"2025-09-23T09:15:38.012913873Z","level":"INFO","msg":"✅ Injeção de dependências concluída via Factory Pattern"}
{"time":"2025-09-23T09:15:38.012935924Z","level":"INFO","msg":"✅ Fase concluída","phase":"Phase04_InjectDependencies","component":"bootstrap","duration":"2.989714ms"}
{"time":"2025-09-23T09:15:38.012945454Z","level":"INFO","msg":"▶️ Executando fase","phase":"Phase05_InitializeServices","component":"bootstrap","timestamp":"2025-09-23T09:15:38Z"}
{"time":"2025-09-23T09:15:38.012962305Z","level":"INFO","msg":"🎯 FASE 5: Inicialização de Serviços"}
{"time":"2025-09-23T09:15:38.012968905Z","level":"INFO","msg":"✅ Serviço inicializado","service":"GlobalService"}
{"time":"2025-09-23T09:15:38.012983145Z","level":"INFO","msg":"✅ Serviço inicializado","service":"PermissionService"}
{"time":"2025-09-23T09:15:38.012987916Z","level":"INFO","msg":"✅ Serviço inicializado","service":"UserService"}
{"time":"2025-09-23T09:15:38.012992296Z","level":"INFO","msg":"✅ Serviço inicializado","service":"ComplexService"}
{"time":"2025-09-23T09:15:38.012996566Z","level":"INFO","msg":"✅ Serviço inicializado","service":"ListingService"}
{"time":"2025-09-23T09:15:38.013000806Z","level":"INFO","msg":"✅ Todos os serviços inicializados com sucesso"}
{"time":"2025-09-23T09:15:38.013006386Z","level":"INFO","msg":"✅ Fase concluída","phase":"Phase05_InitializeServices","component":"bootstrap","duration":"61.592µs"}
{"time":"2025-09-23T09:15:38.013011766Z","level":"INFO","msg":"▶️ Executando fase","phase":"Phase06_ConfigureHandlers","component":"bootstrap","timestamp":"2025-09-23T09:15:38Z"}
{"time":"2025-09-23T09:15:38.013021427Z","level":"INFO","msg":"🎯 FASE 6: Configuração de Handlers e Rotas"}
{"time":"2025-09-23T09:15:38.013058428Z","level":"INFO","msg":"HTTP server initialized","port":"127.0.0.1:8080","read_timeout":"30s","write_timeout":"30s"}
{"time":"2025-09-23T09:15:38.013071659Z","level":"INFO","msg":"HTTP server initialization completed"}
{"time":"2025-09-23T09:15:38.013075949Z","level":"INFO","msg":"✅ Servidor HTTP configurado com TLS e middleware"}
{"time":"2025-09-23T09:15:38.013085499Z","level":"INFO","msg":"✅ Handlers HTTP preparados para criação"}
{"time":"2025-09-23T09:15:38.013089969Z","level":"INFO","msg":"Creating HTTP handlers"}
{"time":"2025-09-23T09:15:38.01309502Z","level":"INFO","msg":"Successfully created all HTTP handlers"}
{"time":"2025-09-23T09:15:38.01309907Z","level":"INFO","msg":"✅ HTTP handlers created successfully via factory"}
{"time":"2025-09-23T09:15:38.013663641Z","level":"INFO","msg":"HTTP handlers and routes configured successfully"}
{"time":"2025-09-23T09:15:38.013669261Z","level":"INFO","msg":"✅ Rotas e middlewares configurados"}
{"time":"2025-09-23T09:15:38.013673382Z","level":"INFO","msg":"✅ Health checks configurados"}
{"time":"2025-09-23T09:15:38.013677522Z","level":"INFO","msg":"✅ Handlers e rotas configurados com sucesso"}
{"time":"2025-09-23T09:15:38.013685062Z","level":"INFO","msg":"✅ Fase concluída","phase":"Phase06_ConfigureHandlers","component":"bootstrap","duration":"672.546µs"}
{"time":"2025-09-23T09:15:38.013691432Z","level":"INFO","msg":"▶️ Executando fase","phase":"Phase07_StartBackgroundWorkers","component":"bootstrap","timestamp":"2025-09-23T09:15:38Z"}
{"time":"2025-09-23T09:15:38.013703223Z","level":"INFO","msg":"🎯 FASE 7: Inicialização de Background Workers"}
{"time":"2025-09-23T09:15:38.013708973Z","level":"INFO","msg":"Activity tracker batch worker started"}
{"time":"2025-09-23T09:15:38.013713723Z","level":"INFO","msg":"Temp block cleaner worker started"}
{"time":"2025-09-23T09:15:38.013719853Z","level":"INFO","msg":"Session cleaner worker started","interval_seconds":300}
{"time":"2025-09-23T09:15:38.013733134Z","level":"INFO","msg":"Validation cleaner worker started","interval_seconds":300}
{"time":"2025-09-23T09:15:38.013737364Z","level":"INFO","msg":"✅ Background workers inicializados"}
{"time":"2025-09-23T09:15:38.013741974Z","level":"INFO","msg":"Activity tracker connected to user service"}
{"time":"2025-09-23T09:15:38.013745834Z","level":"INFO","msg":"✅ Activity tracker conectado ao user service"}
{"time":"2025-09-23T09:15:38.013837658Z","level":"INFO","msg":"validation cleaner worker started","interval":300000000000}
{"time":"2025-09-23T09:15:38.014080687Z","level":"INFO","msg":"TempBlockCleanerWorker started"}
{"time":"2025-09-23T09:15:38.01416697Z","level":"INFO","msg":"Activity batch worker started","interval":30000000000}
{"time":"2025-09-23T09:15:38.014194291Z","level":"INFO","msg":"Database connection verified successfully"}
{"time":"2025-09-23T09:15:38.014198821Z","level":"INFO","msg":"✅ Schema do banco de dados verificado"}
{"time":"2025-09-23T09:15:38.014203622Z","level":"INFO","msg":"✅ Background workers inicializados com sucesso"}
{"time":"2025-09-23T09:15:38.014210742Z","level":"INFO","msg":"✅ Fase concluída","phase":"Phase07_StartBackgroundWorkers","component":"bootstrap","duration":"518.82µs"}
{"time":"2025-09-23T09:15:38.014217342Z","level":"INFO","msg":"▶️ Executando fase","phase":"Phase08_StartServer","component":"bootstrap","timestamp":"2025-09-23T09:15:38Z"}
{"time":"2025-09-23T09:15:38.014227273Z","level":"INFO","msg":"🎯 FASE 8: Inicialização Final e Runtime"}
{"time":"2025-09-23T09:15:38.014231473Z","level":"INFO","msg":"✅ Servidor marcado como ready para receber tráfego"}
{"time":"2025-09-23T09:15:38.014239953Z","level":"INFO","msg":"🚀 Iniciando servidor HTTP na porta configurada"}
{"time":"2025-09-23T09:15:38.014472552Z","level":"INFO","msg":"session cleaner routine started"}
{"time":"2025-09-23T09:15:38.114567828Z","level":"INFO","msg":"✅ Servidor HTTP iniciado com sucesso"}
{"time":"2025-09-23T09:15:38.11462691Z","level":"INFO","msg":"✅ Monitoramento de saúde em runtime iniciado"}
{"time":"2025-09-23T09:15:38.11463738Z","level":"INFO","msg":"🌟 TOQ Server pronto para servir","uptime":109933159}
{"time":"2025-09-23T09:15:38.114674082Z","level":"INFO","msg":"✅ Fase concluída","phase":"Phase08_StartServer","component":"bootstrap","duration":"100.45324ms"}
{"time":"2025-09-23T09:15:38.114707853Z","level":"INFO","msg":"🎉 TOQ Server inicializado com sucesso","component":"bootstrap","total_time":"110.004092ms"}
{"time":"2025-09-23T09:16:21.669413757Z","level":"INFO","msg":"auth.signin.success","security":true,"user_id":3}
{"time":"2025-09-23T09:16:21.872914614Z","level":"INFO","msg":"permission.check.allowed","user_id":3,"resource":"http","action":"GET:/api/v2/user/profile","permission_id":34}
{"time":"2025-09-23T09:16:22.235582714Z","level":"INFO","msg":"permission.check.allowed","user_id":3,"resource":"http","action":"GET:/api/v2/user/status","permission_id":48}
{"time":"2025-09-23T09:16:24.01107772Z","level":"INFO","msg":"permission.check.allowed","user_id":3,"resource":"http","action":"POST:/api/v2/user/photo/download-url","permission_id":37}
{"time":"2025-09-23T09:19:32.048222001Z","level":"INFO","msg":"permission.check.allowed","user_id":3,"resource":"http","action":"GET:/api/v2/user/status","permission_id":48}
{"time":"2025-09-23T09:19:33.839863531Z","level":"INFO","msg":"permission.check.allowed","user_id":3,"resource":"http","action":"GET:/api/v2/user/profile","permission_id":34}
{"time":"2025-09-23T09:19:43.982782399Z","level":"INFO","msg":"permission.check.allowed","user_id":3,"resource":"http","action":"PUT:/api/v2/user/profile","permission_id":35}
{"time":"2025-09-23T09:19:44.218143971Z","level":"INFO","msg":"permission.check.allowed","user_id":3,"resource":"http","action":"GET:/api/v2/user/profile","permission_id":34}
{"time":"2025-09-23T09:19:44.46857888Z","level":"INFO","msg":"permission.check.allowed","user_id":3,"resource":"http","action":"GET:/api/v2/user/profile","permission_id":34}
{"time":"2025-09-23T09:19:44.645417369Z","level":"INFO","msg":"permission.check.allowed","user_id":3,"resource":"http","action":"GET:/api/v2/user/profile","permission_id":34}
{"time":"2025-09-23T09:19:48.483480408Z","level":"INFO","msg":"permission.check.allowed","user_id":3,"resource":"http","action":"GET:/api/v2/user/profile","permission_id":34}
{"time":"2025-09-23T09:19:52.680769567Z","level":"INFO","msg":"permission.check.allowed","user_id":3,"resource":"http","action":"PUT:/api/v2/user/profile","permission_id":35}
{"time":"2025-09-23T09:19:52.833654075Z","level":"INFO","msg":"permission.check.allowed","user_id":3,"resource":"http","action":"GET:/api/v2/user/profile","permission_id":34}
{"time":"2025-09-23T09:19:52.987003731Z","level":"INFO","msg":"permission.check.allowed","user_id":3,"resource":"http","action":"GET:/api/v2/user/profile","permission_id":34}
{"time":"2025-09-23T09:19:53.457183891Z","level":"INFO","msg":"permission.check.allowed","user_id":3,"resource":"http","action":"GET:/api/v2/user/profile","permission_id":34}
{"time":"2025-09-23T09:19:53.759475019Z","level":"INFO","msg":"permission.check.allowed","user_id":3,"resource":"http","action":"GET:/api/v2/user/profile","permission_id":34}
{"time":"2025-09-23T09:35:07.166921826Z","level":"INFO","msg":"auth.refresh.ok","user_id":3,"prev_session_id":14}
{"time":"2025-09-23T09:35:07.347192958Z","level":"INFO","msg":"permission.check.allowed","user_id":3,"resource":"http","action":"GET:/api/v2/user/status","permission_id":48}
{"time":"2025-09-23T09:35:07.707281486Z","level":"INFO","msg":"permission.check.allowed","user_id":3,"resource":"http","action":"GET:/api/v2/user/status","permission_id":48}
{"time":"2025-09-23T09:35:12.224776262Z","level":"INFO","msg":"permission.check.allowed","user_id":3,"resource":"http","action":"POST:/api/v2/user/photo/download-url","permission_id":37}
{"time":"2025-09-23T09:35:12.249810945Z","level":"INFO","msg":"permission.check.allowed","user_id":3,"resource":"http","action":"POST:/api/v2/user/photo/download-url","permission_id":37}
{"time":"2025-09-23T09:35:12.260980984Z","level":"INFO","msg":"permission.check.allowed","user_id":3,"resource":"http","action":"POST:/api/v2/user/photo/download-url","permission_id":37}
{"time":"2025-09-23T09:35:31.787126086Z","level":"INFO","msg":"permission.check.allowed","user_id":3,"resource":"http","action":"POST:/api/v2/user/photo/upload-url","permission_id":36}
{"time":"2025-09-23T09:35:33.234973065Z","level":"INFO","msg":"permission.check.allowed","user_id":3,"resource":"http","action":"POST:/api/v2/user/photo/upload-url","permission_id":36}
{"time":"2025-09-23T09:35:34.227079881Z","level":"INFO","msg":"permission.check.allowed","user_id":3,"resource":"http","action":"POST:/api/v2/user/photo/upload-url","permission_id":36}
{"time":"2025-09-23T09:35:34.996238003Z","level":"INFO","msg":"permission.check.allowed","user_id":3,"resource":"http","action":"POST:/api/v2/user/photo/upload-url","permission_id":36}
{"time":"2025-09-23T09:35:35.689540399Z","level":"INFO","msg":"permission.check.allowed","user_id":3,"resource":"http","action":"POST:/api/v2/user/photo/download-url","permission_id":37}
{"time":"2025-09-23T09:35:35.968171668Z","level":"INFO","msg":"permission.check.allowed","user_id":3,"resource":"http","action":"POST:/api/v2/user/photo/download-url","permission_id":37}
{"time":"2025-09-23T09:35:35.97777776Z","level":"INFO","msg":"permission.check.allowed","user_id":3,"resource":"http","action":"POST:/api/v2/user/photo/download-url","permission_id":37}
{"time":"2025-09-23T09:35:36.000630896Z","level":"INFO","msg":"permission.check.allowed","user_id":3,"resource":"http","action":"POST:/api/v2/user/photo/download-url","permission_id":37}
{"time":"2025-09-23T09:35:36.009124958Z","level":"INFO","msg":"permission.check.allowed","user_id":3,"resource":"http","action":"POST:/api/v2/user/photo/download-url","permission_id":37}
{"time":"2025-09-23T09:35:36.011662589Z","level":"INFO","msg":"permission.check.allowed","user_id":3,"resource":"http","action":"POST:/api/v2/user/photo/download-url","permission_id":37}
{"time":"2025-09-23T09:35:36.012602282Z","level":"INFO","msg":"permission.check.allowed","user_id":3,"resource":"http","action":"POST:/api/v2/user/photo/download-url","permission_id":37}
{"time":"2025-09-23T09:35:36.015190645Z","level":"INFO","msg":"permission.check.allowed","user_id":3,"resource":"http","action":"POST:/api/v2/user/photo/download-url","permission_id":37}
{"time":"2025-09-23T09:35:46.316843693Z","level":"INFO","msg":"permission.check.allowed","user_id":3,"resource":"http","action":"GET:/api/v2/user/profile","permission_id":34}
{"time":"2025-09-23T10:36:19.947645282Z","level":"INFO","msg":"auth.signin.success","security":true,"user_id":2}
{"time":"2025-09-23T10:36:20.141955438Z","level":"INFO","msg":"permission.check.allowed","user_id":2,"resource":"http","action":"GET:/api/v2/user/profile","permission_id":34}
{"time":"2025-09-23T10:36:20.337900716Z","level":"INFO","msg":"permission.check.allowed","user_id":2,"resource":"http","action":"GET:/api/v2/user/status","permission_id":48}
{"time":"2025-09-23T10:36:30.90803194Z","level":"INFO","msg":"permission.check.allowed","user_id":2,"resource":"http","action":"POST:/api/v2/user/photo/download-url","permission_id":37}
{"time":"2025-09-23T10:36:34.613303194Z","level":"INFO","msg":"permission.check.allowed","user_id":2,"resource":"http","action":"POST:/api/v2/user/photo/download-url","permission_id":37}
{"time":"2025-09-23T10:36:34.615171843Z","level":"INFO","msg":"permission.check.allowed","user_id":2,"resource":"http","action":"POST:/api/v2/user/photo/download-url","permission_id":37}
{"time":"2025-09-23T10:36:34.616871846Z","level":"INFO","msg":"permission.check.allowed","user_id":2,"resource":"http","action":"POST:/api/v2/user/photo/download-url","permission_id":37}
{"time":"2025-09-23T10:37:11.528792116Z","level":"INFO","msg":"permission.check.allowed","user_id":2,"resource":"http","action":"GET:/api/v2/user/profile","permission_id":34}
{"time":"2025-09-23T10:37:22.40899085Z","level":"INFO","msg":"permission.check.allowed","user_id":2,"resource":"http","action":"GET:/api/v2/user/status","permission_id":48}
{"time":"2025-09-23T12:42:39.849641789Z","level":"INFO","msg":"auth.refresh.ok","user_id":3,"prev_session_id":15}
{"time":"2025-09-23T12:42:40.038823489Z","level":"INFO","msg":"permission.check.allowed","user_id":3,"resource":"http","action":"GET:/api/v2/user/status","permission_id":48}
{"time":"2025-09-23T12:42:40.354640588Z","level":"INFO","msg":"permission.check.allowed","user_id":3,"resource":"http","action":"GET:/api/v2/user/profile","permission_id":34}
{"time":"2025-09-23T12:42:40.524006245Z","level":"WARN","msg":"auth.refresh.reuse_detected","user_id":3,"session_id":15}
{"time":"2025-09-23T12:42:40.524195131Z","level":"INFO","msg":"session.subscriber.device_tokens_pruned","user_id":3,"device_id":"bdc4c06d-a6df-4e36-ad8e-247020640ca7"}
{"time":"2025-09-23T12:43:58.794161257Z","level":"INFO","msg":"permission.check.allowed","user_id":3,"resource":"http","action":"GET:/api/v2/user/profile","permission_id":34}
{"time":"2025-09-23T12:43:59.092762856Z","level":"INFO","msg":"auth.refresh.ok","user_id":3,"prev_session_id":17}
{"time":"2025-09-23T12:43:59.256267683Z","level":"INFO","msg":"permission.check.allowed","user_id":3,"resource":"http","action":"GET:/api/v2/user/status","permission_id":48}
{"time":"2025-09-23T12:44:04.424583312Z","level":"INFO","msg":"permission.check.allowed","user_id":3,"resource":"http","action":"POST:/api/v2/user/photo/download-url","permission_id":37}
{"time":"2025-09-23T12:44:08.706444239Z","level":"INFO","msg":"permission.check.allowed","user_id":3,"resource":"http","action":"GET:/api/v2/user/profile","permission_id":34}
{"time":"2025-09-23T12:44:13.95381702Z","level":"INFO","msg":"permission.check.allowed","user_id":3,"resource":"http","action":"PUT:/api/v2/user/profile","permission_id":35}
{"time":"2025-09-23T12:44:14.111579509Z","level":"INFO","msg":"permission.check.allowed","user_id":3,"resource":"http","action":"GET:/api/v2/user/profile","permission_id":34}
{"time":"2025-09-23T12:44:14.270907216Z","level":"INFO","msg":"permission.check.allowed","user_id":3,"resource":"http","action":"GET:/api/v2/user/profile","permission_id":34}
{"time":"2025-09-23T12:44:14.703900362Z","level":"INFO","msg":"permission.check.allowed","user_id":3,"resource":"http","action":"GET:/api/v2/user/profile","permission_id":34}
{"time":"2025-09-23T12:47:12.612909833Z","level":"INFO","msg":"🛑 Sinal de shutdown recebido"}
{"time":"2025-09-23T12:47:12.612978425Z","level":"INFO","msg":"👋 Servidor TOQ finalizado com sucesso","component":"bootstrap"}
